Change Component Footprint: Designator=Q1 Old Footprint=SOT95P237X112-3N New Footprint=SOT65P210X110-3N
Change Component Footprint: Designator=Q2 Old Footprint=SOT95P237X112-3N New Footprint=SOT65P210X110-3N
Change Component Comment : Designator=R3 Old Comment=CRCW06031K00FKEA New Comment=10K
Change Component Comment : Designator=R1 Old Comment=CRCW06031K00FKEA New Comment=100
Change Component Comment : Designator=R2 Old Comment=CRCW06031K00FKEA New Comment=100
Change Component Comment : Designator=Q1 Old Comment=IRLML6344TRPBF New Comment=BSS138W
Change Component Comment : Designator=Q2 Old Comment=IRLML6344TRPBF New Comment=BSS138W
Change component parameters: Designator = "Q1" ("Q1"); Footprint = "SOT95P237X112-3N"; UniqueID = "\NSDGMHKM" ("\NSDGMHKM")
Change component parameters: Designator = "Q2" ("Q2"); Footprint = "SOT95P237X112-3N"; UniqueID = "\PGMEWQAS" ("\PGMEWQAS")
Added Component: Designator=IC2(SOT95P280X145-5N)
Add component (AddParameter): Name = "Arrow Part Number"; Value = "LDS3985M33R"; VariantName = "[No Variations]"
Add component (AddParameter): Name = "Arrow Price/Stock"; Value = "https://www.arrow.com/en/products/lds3985m33r/stmicroelectronics?region=nac"; VariantName = "[No Variations]"
Add component (AddParameter): Name = "Datasheet Link"; Value = "https://componentsearchengine.com/Datasheets/1/LDS3985M33R.pdf"; VariantName = "[No Variations]"
Add component (AddParameter): Name = "Height"; Value = "1.45mm"; VariantName = "[No Variations]"
Add component (AddParameter): Name = "Manufacturer_Name"; Value = "STMicroelectronics"; VariantName = "[No Variations]"
Add component (AddParameter): Name = "Manufacturer_Part_Number"; Value = "LDS3985M33R"; VariantName = "[No Variations]"
Add component (AddParameter): Name = "Mouser Part Number"; Value = "511-LDS3985M33R"; VariantName = "[No Variations]"
Add component (AddParameter): Name = "Mouser Price/Stock"; Value = "https://www.mouser.co.uk/ProductDetail/STMicroelectronics/LDS3985M33R?qs=DcAdhm6iCnom47SfkNYeVw%3D%3D"; VariantName = "[No Variations]"
Add component (AddParameter): Name = "Mouser Testing Part Number"; Value = ""; VariantName = "[No Variations]"
Add component (AddParameter): Name = "Mouser Testing Price/Stock"; Value = ""; VariantName = "[No Variations]"
Added Pin To Net: NetName=NetIC2_1 Pin=IC2-1
Added Member To Class: ClassName=LED_ind Member=Component IC2 LDS3985M33R
