Change Component Designator: OldDesignator=C? NewDesignator=C6
Added Component: Designator=C5(KEMET_C0805C-DN_IPC_A)
Added Component: Designator=R15(Vishay_CRCW0603-e3_IPC_A)
Added Component: Designator=R16(Vishay_CRCW0603-e3_IPC_A)
Added Pin To Net: NetName=GND Pin=C5-1
Added Pin To Net: NetName=GND Pin=IC1-2
Added Pin To Net: NetName=VCC Pin=IC1-5
Added Pin To Net: NetName=GND Pin=R16-2
Change Net Name : Old Net Name=NetC?_1 New Net Name=NetC6_1
Added Pin To Net: NetName=NetC5_2 Pin=C5-2
Added Pin To Net: NetName=NetC5_2 Pin=IC1-4
Added Net: Name=NetC5_2
Added Pin To Net: NetName=NetIC1_1 Pin=IC1-1
Added Pin To Net: NetName=NetIC1_1 Pin=R15-2
Added Net: Name=NetIC1_1
Added Pin To Net: NetName=NetIC1_3 Pin=IC1-3
Added Pin To Net: NetName=NetIC1_3 Pin=R15-1
Added Pin To Net: NetName=NetIC1_3 Pin=R16-1
Added Net: Name=NetIC1_3
Added Member To Class: ClassName=LED_ind Member=Component C5 C0805C104J4RACTU
Added Member To Class: ClassName=LED_ind Member=Component R15 CRCW06031K00FKEA
Added Member To Class: ClassName=LED_ind Member=Component R16 CRCW06031K00FKEA
