Added Component: Designator=R1(Vishay_CRCW0603-e3_IPC_A)
Added Component: Designator=R2(Vishay_CRCW0603-e3_IPC_A)
Added Component: Designator=R14(Vishay_CRCW0603-e3_IPC_A)
Added Component: Designator=R15(Vishay_CRCW0603-e3_IPC_A)
Added Component: Designator=TP1(Test_Point)
Added Component: Designator=TP2(Test_Point)
Added Component: Designator=U1(UFQFPN20_3x3x0p6)
Add component (AddParameter): Name = "Copyright"; Value = "Copyright (C) 2022 Ultra Librarian. All rights reserved."; VariantName = "[No Variations]"
Add component (AddParameter): Name = "Manufacturer_Part_Number"; Value = "STM32L011F4U6TR"; VariantName = "[No Variations]"
Add component (AddParameter): Name = "Mfr_Name"; Value = "STMicroelectronics"; VariantName = "[No Variations]"
Add component (AddParameter): Name = "RefDes"; Value = "RefDes"; VariantName = "[No Variations]"
Add component (AddParameter): Name = "Type"; Value = "DEV"; VariantName = "[No Variations]"
Added Pin To Net: NetName=NetD1_1 Pin=R1-2
Added Pin To Net: NetName=NetD2_1 Pin=R2-2
Added Pin To Net: NetName=NetR14_1 Pin=R14-1
Added Pin To Net: NetName=NetD14_1 Pin=R14-2
Added Pin To Net: NetName=NetD15_1 Pin=R15-2
Added Pin To Net: NetName=NetR14_1 Pin=U1-7
Added Pin To Net: NetName=NetR13_1 Pin=U1-8
Added Pin To Net: NetName=NetR12_1 Pin=U1-9
Added Pin To Net: NetName=NetR11_1 Pin=U1-10
Added Pin To Net: NetName=NetR10_1 Pin=U1-14
Added Pin To Net: NetName=NetR9_1 Pin=U1-15
Added Pin To Net: NetName=GND Pin=U1-12
Added Net: Name=GND
Added Pin To Net: NetName=NetC3_1 Pin=U1-3
Added Net: Name=NetC3_1
Added Pin To Net: NetName=NetR1_1 Pin=R1-1
Added Pin To Net: NetName=NetR1_1 Pin=U1-2
Added Net: Name=NetR1_1
Added Pin To Net: NetName=NetR2_1 Pin=R2-1
Added Pin To Net: NetName=NetR2_1 Pin=U1-1
Added Net: Name=NetR2_1
Added Pin To Net: NetName=NetTP1_1 Pin=TP1-1
Added Pin To Net: NetName=NetTP1_1 Pin=U1-17
Added Net: Name=NetTP1_1
Added Pin To Net: NetName=NetTP2_1 Pin=TP2-1
Added Pin To Net: NetName=NetTP2_1 Pin=U1-16
Added Net: Name=NetTP2_1
Added Pin To Net: NetName=VCC Pin=U1-4
Added Pin To Net: NetName=VCC Pin=U1-13
Added Net: Name=VCC
Added Member To Class: ClassName=LED_ind Member=Component R1 CRCW06031K00FKEA
Added Member To Class: ClassName=LED_ind Member=Component R2 CRCW06031K00FKEA
Added Member To Class: ClassName=LED_ind Member=Component R14 CRCW06031K00FKEA
Added Member To Class: ClassName=LED_ind Member=Component R15 CRCW06031K00FKEA
Added Member To Class: ClassName=LED_ind Member=Component TP1 Test_Point_PCB
Added Member To Class: ClassName=LED_ind Member=Component TP2 Test_Point_PCB
Added Member To Class: ClassName=LED_ind Member=Component U1 STM32L011F4U6TR
