Added Component: Designator=C5(Kemet_C0402-BB_IPC_A)
Added Component: Designator=IC1(SOT95P280X145-5N)
Add component (AddParameter): Name = "Arrow Part Number"; Value = "LDS3985M33R"; VariantName = "[No Variations]"
Add component (AddParameter): Name = "Arrow Price/Stock"; Value = "https://www.arrow.com/en/products/lds3985m33r/stmicroelectronics?region=nac"; VariantName = "[No Variations]"
Add component (AddParameter): Name = "Datasheet Link"; Value = "https://componentsearchengine.com/Datasheets/1/LDS3985M33R.pdf"; VariantName = "[No Variations]"
Add component (AddParameter): Name = "Height"; Value = "1.45mm"; VariantName = "[No Variations]"
Add component (AddParameter): Name = "Manufacturer_Name"; Value = "STMicroelectronics"; VariantName = "[No Variations]"
Add component (AddParameter): Name = "Manufacturer_Part_Number"; Value = "LDS3985M33R"; VariantName = "[No Variations]"
Add component (AddParameter): Name = "Mouser Part Number"; Value = "511-LDS3985M33R"; VariantName = "[No Variations]"
Add component (AddParameter): Name = "Mouser Price/Stock"; Value = "https://www.mouser.co.uk/ProductDetail/STMicroelectronics/LDS3985M33R?qs=DcAdhm6iCnom47SfkNYeVw%3D%3D"; VariantName = "[No Variations]"
Add component (AddParameter): Name = "Mouser Testing Part Number"; Value = ""; VariantName = "[No Variations]"
Add component (AddParameter): Name = "Mouser Testing Price/Stock"; Value = ""; VariantName = "[No Variations]"
Added Component: Designator=R15(Vishay_CRCW0603-e3_IPC_A)
Added Component: Designator=R16(Vishay_CRCW0603-e3_IPC_A)
Added Component: Designator=R17(Vishay_CRCW0603-e3_IPC_A)
Added Component: Designator=R18(Vishay_CRCW0603-e3_IPC_A)
Added Pin To Net: NetName=GND Pin=C5-1
Added Pin To Net: NetName=NetC5_2 Pin=C5-2
Added Pin To Net: NetName=NetIC1_1 Pin=IC1-1
Added Pin To Net: NetName=GND Pin=IC1-2
Added Pin To Net: NetName=NetIC1_3 Pin=IC1-3
Added Pin To Net: NetName=NetC5_2 Pin=IC1-4
Added Pin To Net: NetName=VCC Pin=IC1-5
Added Pin To Net: NetName=NetIC1_3 Pin=R15-1
Added Pin To Net: NetName=NetIC1_1 Pin=R15-2
Added Pin To Net: NetName=NetIC1_3 Pin=R16-1
Added Pin To Net: NetName=GND Pin=R16-2
Added Pin To Net: NetName=NetC4_1 Pin=R17-1
Added Pin To Net: NetName=NetR17_2 Pin=R17-2
Added Pin To Net: NetName=NetR17_2 Pin=R18-1
Added Pin To Net: NetName=GND Pin=R18-2
Added Member To Class: ClassName=LED_ind Member=Component C5 C0805C104J4RACTU
Added Member To Class: ClassName=LED_ind Member=Component IC1 LDS3985M33R
Added Member To Class: ClassName=LED_ind Member=Component R15 CRCW06031K00FKEA
Added Member To Class: ClassName=LED_ind Member=Component R16 CRCW06031K00FKEA
Added Member To Class: ClassName=LED_ind Member=Component R17 CRCW06031K00FKEA
Added Member To Class: ClassName=LED_ind Member=Component R18 CRCW06031K00FKEA
