Removed Pin From Net: NetName=VCC Pin=C1-1
Removed Pin From Net: NetName=GND Pin=C1-2
Added Member To Class: ClassName=LED_ind Member=Component C2 C0805C104J4RACTU
Added Member To Class: ClassName=LED_ind Member=Component C3 C0805C104J4RACTU
Added Member To Class: ClassName=LED_ind Member=Component C4 TAJA106K006RNJ
Added Member To Class: ClassName=LED_ind Member=Component C5 TAJA106K006RNJ
Added Member To Class: ClassName=LED_ind Member=Component C6 TAJA106K006RNJ
Added Member To Class: ClassName=LED_ind Member=Component D1 SML-LX1206GC-TR
Added Member To Class: ClassName=LED_ind Member=Component D2 SML-LX1206GC-TR
Added Member To Class: ClassName=LED_ind Member=Component D3 1PS79SB30_115
Added Member To Class: ClassName=LED_ind Member=Component D4 LED1
Added Member To Class: ClassName=LED_ind Member=Component D5 SML-LX1206GC-TR
Added Member To Class: ClassName=LED_ind Member=Component D9 SML-LX1206GC-TR
Added Member To Class: ClassName=LED_ind Member=Component D10 SML-LX1206GC-TR
Added Member To Class: ClassName=LED_ind Member=Component D11 SML-LX1206GC-TR
Added Member To Class: ClassName=LED_ind Member=Component D12 SML-LX1206GC-TR
Added Member To Class: ClassName=LED_ind Member=Component D13 SML-LX1206GC-TR
Added Member To Class: ClassName=LED_ind Member=Component D14 SML-LX1206GC-TR
Added Member To Class: ClassName=LED_ind Member=Component L1 LQH32CN2R2M33L
Added Member To Class: ClassName=LED_ind Member=Component Q1 BSS138W
Added Member To Class: ClassName=LED_ind Member=Component Q2 BSS138W
Added Member To Class: ClassName=LED_ind Member=Component R1 100
Added Member To Class: ClassName=LED_ind Member=Component R2 100
Added Member To Class: ClassName=LED_ind Member=Component R3 10K
Added Member To Class: ClassName=LED_ind Member=Component R4 CRCW06031K00FKEA
Added Member To Class: ClassName=LED_ind Member=Component R5 CRCW06031K00FKEA
Added Member To Class: ClassName=LED_ind Member=Component R6 CRCW06031K00FKEA
Added Member To Class: ClassName=LED_ind Member=Component R7 CRCW06031K00FKEA
Added Member To Class: ClassName=LED_ind Member=Component R8 CRCW06031K00FKEA
Added Member To Class: ClassName=LED_ind Member=Component R9 CRCW06031K00FKEA
Added Member To Class: ClassName=LED_ind Member=Component R10 CRCW06031K00FKEA
Added Member To Class: ClassName=LED_ind Member=Component R11 CRCW06031K00FKEA
Added Member To Class: ClassName=LED_ind Member=Component R12 CRCW06031K00FKEA
Added Member To Class: ClassName=LED_ind Member=Component R13 CRCW06031K00FKEA
Added Member To Class: ClassName=LED_ind Member=Component R14 CRCW06031K00FKEA
Added Member To Class: ClassName=LED_ind Member=Component R15 CRCW06031K00FKEA
Added Member To Class: ClassName=LED_ind Member=Component R17 CRCW06031K00FKEA
Added Member To Class: ClassName=LED_ind Member=Component R18 CRCW06031K00FKEA
Added Member To Class: ClassName=LED_ind Member=Component R19 10K
Added Member To Class: ClassName=LED_ind Member=Component TP1 Test_Point_PCB
Added Member To Class: ClassName=LED_ind Member=Component TP2 Test_Point_PCB
Added Member To Class: ClassName=LED_ind Member=Component TP3 Test_Point_PCB
Added Member To Class: ClassName=LED_ind Member=Component TP4 Test_Point_PCB
Added Member To Class: ClassName=LED_ind Member=Component U1 STM32L011F4U6TR
Added Member To Class: ClassName=LED_ind Member=Component U2 LP2951-30D
